platforms/android/app/build/intermediates/manifest_merge_blame_file/release/manifest-merger-blame-release-report.txt
1<?xml version="1.0" encoding="utf-8"?>
2<manifest xmlns:android="http://schemas.android.com/apk/res/android"
3    package="br.com.innovatesof.quizbiblico"
4    android:hardwareAccelerated="true"
5    android:versionCode="10002"
6    android:versionName="1.0.2" >
7
8    <uses-sdk
8-->src/main/AndroidManifest.xml:24:5-47
9        android:minSdkVersion="19"
9-->src/main/AndroidManifest.xml:24:5-47
10        android:targetSdkVersion="29" />
10-->src/main/AndroidManifest.xml:24:15-44
11
12    <supports-screens
12-->src/main/AndroidManifest.xml:3:5-191
13        android:anyDensity="true"
13-->src/main/AndroidManifest.xml:3:23-48
14        android:largeScreens="true"
14-->src/main/AndroidManifest.xml:3:49-76
15        android:normalScreens="true"
15-->src/main/AndroidManifest.xml:3:77-105
16        android:resizeable="true"
16-->src/main/AndroidManifest.xml:3:106-131
17        android:smallScreens="true"
17-->src/main/AndroidManifest.xml:3:132-159
18        android:xlargeScreens="true" />
18-->src/main/AndroidManifest.xml:3:160-188
19
20    <uses-permission android:name="android.permission.INTERNET" />
20-->src/main/AndroidManifest.xml:4:5-67
20-->src/main/AndroidManifest.xml:4:22-64
21    <uses-permission android:name="android.permission.ACCESS_NETWORK_STATE" />
21-->src/main/AndroidManifest.xml:25:5-79
21-->src/main/AndroidManifest.xml:25:22-76
22    <uses-permission android:name="com.amazon.device.messaging.permission.RECEIVE" />
22-->src/main/AndroidManifest.xml:26:5-86
22-->src/main/AndroidManifest.xml:26:22-83
23
24    <permission
24-->src/main/AndroidManifest.xml:27:5-132
25        android:name="br.com.innovatesof.quizbiblico.permission.RECEIVE_ADM_MESSAGE"
25-->src/main/AndroidManifest.xml:27:17-93
26        android:protectionLevel="signature" />
26-->src/main/AndroidManifest.xml:27:94-129
27
28    <uses-permission android:name="br.com.innovatesof.quizbiblico.permission.RECEIVE_ADM_MESSAGE" />
28-->src/main/AndroidManifest.xml:28:5-101
28-->src/main/AndroidManifest.xml:28:22-98
29    <!-- Create a unique permission for your app and use it so only your app can receive your OneSignal messages. -->
30    <permission
30-->[com.onesignal:OneSignal:3.10.5] AndroidManifest.xml:8:5-10:47
31        android:name="br.com.innovatesof.quizbiblico.permission.C2D_MESSAGE"
31-->[com.onesignal:OneSignal:3.10.5] AndroidManifest.xml:9:9-63
32        android:protectionLevel="signature" />
32-->[com.onesignal:OneSignal:3.10.5] AndroidManifest.xml:10:9-44
33
34    <uses-permission android:name="br.com.innovatesof.quizbiblico.permission.C2D_MESSAGE" />
34-->[com.onesignal:OneSignal:3.10.5] AndroidManifest.xml:12:5-79
34-->[com.onesignal:OneSignal:3.10.5] AndroidManifest.xml:12:22-76
35    <uses-permission android:name="com.google.android.c2dm.permission.RECEIVE" /> <!-- Required, makes sure notifications are delivered on time. -->
35-->[com.onesignal:OneSignal:3.10.5] AndroidManifest.xml:18:5-82
35-->[com.onesignal:OneSignal:3.10.5] AndroidManifest.xml:18:22-79
36    <uses-permission android:name="android.permission.WAKE_LOCK" />
36-->[com.onesignal:OneSignal:3.10.5] AndroidManifest.xml:19:5-68
36-->[com.onesignal:OneSignal:3.10.5] AndroidManifest.xml:19:22-65
37    <!--
38 Required so the device vibrates on receiving a push notification.
39         Vibration settings of the device still apply.
40    -->
41    <uses-permission android:name="android.permission.VIBRATE" />
41-->[com.onesignal:OneSignal:3.10.5] AndroidManifest.xml:24:5-66
41-->[com.onesignal:OneSignal:3.10.5] AndroidManifest.xml:24:22-63
42    <!--
43 Use to restore notifications the user hasn't interacted with.
44         They could be missed notifications if the user reboots their device if this isn't in place.
45    -->
46    <uses-permission android:name="android.permission.RECEIVE_BOOT_COMPLETED" /> <!-- START: ShortcutBadger -->
46-->[com.onesignal:OneSignal:3.10.5] AndroidManifest.xml:30:5-81
46-->[com.onesignal:OneSignal:3.10.5] AndroidManifest.xml:30:22-78
47    <!-- Samsung -->
48    <uses-permission android:name="com.sec.android.provider.badge.permission.READ" />
48-->[com.onesignal:OneSignal:3.10.5] AndroidManifest.xml:32:5-86
48-->[com.onesignal:OneSignal:3.10.5] AndroidManifest.xml:32:22-83
49    <uses-permission android:name="com.sec.android.provider.badge.permission.WRITE" /> <!-- HTC -->
49-->[com.onesignal:OneSignal:3.10.5] AndroidManifest.xml:33:5-87
49-->[com.onesignal:OneSignal:3.10.5] AndroidManifest.xml:33:22-84
50    <uses-permission android:name="com.htc.launcher.permission.READ_SETTINGS" />
50-->[com.onesignal:OneSignal:3.10.5] AndroidManifest.xml:34:5-81
50-->[com.onesignal:OneSignal:3.10.5] AndroidManifest.xml:34:22-78
51    <uses-permission android:name="com.htc.launcher.permission.UPDATE_SHORTCUT" /> <!-- Sony -->
51-->[com.onesignal:OneSignal:3.10.5] AndroidManifest.xml:35:5-83
51-->[com.onesignal:OneSignal:3.10.5] AndroidManifest.xml:35:22-80
52    <uses-permission android:name="com.sonyericsson.home.permission.BROADCAST_BADGE" />
52-->[com.onesignal:OneSignal:3.10.5] AndroidManifest.xml:36:5-88
52-->[com.onesignal:OneSignal:3.10.5] AndroidManifest.xml:36:22-85
53    <uses-permission android:name="com.sonymobile.home.permission.PROVIDER_INSERT_BADGE" /> <!-- Apex -->
53-->[com.onesignal:OneSignal:3.10.5] AndroidManifest.xml:37:5-92
53-->[com.onesignal:OneSignal:3.10.5] AndroidManifest.xml:37:22-89
54    <uses-permission android:name="com.anddoes.launcher.permission.UPDATE_COUNT" /> <!-- Solid -->
54-->[com.onesignal:OneSignal:3.10.5] AndroidManifest.xml:38:5-84
54-->[com.onesignal:OneSignal:3.10.5] AndroidManifest.xml:38:22-81
55    <uses-permission android:name="com.majeur.launcher.permission.UPDATE_BADGE" /> <!-- Huawei -->
55-->[com.onesignal:OneSignal:3.10.5] AndroidManifest.xml:39:5-83
55-->[com.onesignal:OneSignal:3.10.5] AndroidManifest.xml:39:22-80
56    <uses-permission android:name="com.huawei.android.launcher.permission.CHANGE_BADGE" />
56-->[com.onesignal:OneSignal:3.10.5] AndroidManifest.xml:40:5-91
56-->[com.onesignal:OneSignal:3.10.5] AndroidManifest.xml:40:22-88
57    <uses-permission android:name="com.huawei.android.launcher.permission.READ_SETTINGS" />
57-->[com.onesignal:OneSignal:3.10.5] AndroidManifest.xml:41:5-92
57-->[com.onesignal:OneSignal:3.10.5] AndroidManifest.xml:41:22-89
58    <uses-permission android:name="com.huawei.android.launcher.permission.WRITE_SETTINGS" /> <!-- ZUK -->
58-->[com.onesignal:OneSignal:3.10.5] AndroidManifest.xml:42:5-93
58-->[com.onesignal:OneSignal:3.10.5] AndroidManifest.xml:42:22-90
59    <uses-permission android:name="android.permission.READ_APP_BADGE" /> <!-- OPPO -->
59-->[com.onesignal:OneSignal:3.10.5] AndroidManifest.xml:43:5-73
59-->[com.onesignal:OneSignal:3.10.5] AndroidManifest.xml:43:22-70
60    <uses-permission android:name="com.oppo.launcher.permission.READ_SETTINGS" />
60-->[com.onesignal:OneSignal:3.10.5] AndroidManifest.xml:44:5-82
60-->[com.onesignal:OneSignal:3.10.5] AndroidManifest.xml:44:22-79
61    <uses-permission android:name="com.oppo.launcher.permission.WRITE_SETTINGS" /> <!-- EvMe -->
61-->[com.onesignal:OneSignal:3.10.5] AndroidManifest.xml:45:5-83
61-->[com.onesignal:OneSignal:3.10.5] AndroidManifest.xml:45:22-80
62    <uses-permission android:name="me.everything.badger.permission.BADGE_COUNT_READ" />
62-->[com.onesignal:OneSignal:3.10.5] AndroidManifest.xml:46:5-88
62-->[com.onesignal:OneSignal:3.10.5] AndroidManifest.xml:46:22-85
63    <uses-permission android:name="me.everything.badger.permission.BADGE_COUNT_WRITE" />
63-->[com.onesignal:OneSignal:3.10.5] AndroidManifest.xml:47:5-89
63-->[com.onesignal:OneSignal:3.10.5] AndroidManifest.xml:47:22-86
64    <uses-permission android:name="android.permission.WRITE_EXTERNAL_STORAGE" />
65    <uses-permission android:name="android.permission.READ_PHONE_STATE" />
66    <uses-permission android:name="android.permission.READ_EXTERNAL_STORAGE" />
67
68    <application
68-->src/main/AndroidManifest.xml:5:5-23:19
69        android:hardwareAccelerated="true"
69-->src/main/AndroidManifest.xml:5:18-52
70        android:icon="@mipmap/icon"
70-->src/main/AndroidManifest.xml:5:53-80
71        android:label="@string/app_name"
71-->src/main/AndroidManifest.xml:5:81-113
72        android:supportsRtl="true" >
72-->src/main/AndroidManifest.xml:5:114-140
73        <activity
73-->src/main/AndroidManifest.xml:6:9-11:20
74            android:name="br.com.innovatesof.quizbiblico.MainActivity"
74-->src/main/AndroidManifest.xml:6:166-193
75            android:configChanges="orientation|keyboardHidden|keyboard|screenSize|locale"
75-->src/main/AndroidManifest.xml:6:19-96
76            android:label="@string/activity_name"
76-->src/main/AndroidManifest.xml:6:97-134
77            android:launchMode="singleTop"
77-->src/main/AndroidManifest.xml:6:135-165
78            android:screenOrientation="portrait"
78-->src/main/AndroidManifest.xml:6:194-230
79            android:theme="@android:style/Theme.DeviceDefault.NoActionBar"
79-->src/main/AndroidManifest.xml:6:231-293
80            android:windowSoftInputMode="adjustResize" >
80-->src/main/AndroidManifest.xml:6:294-336
81            <intent-filter android:label="@string/launcher_name" >
81-->src/main/AndroidManifest.xml:7:13-10:29
81-->src/main/AndroidManifest.xml:7:28-65
82                <action android:name="android.intent.action.MAIN" />
82-->src/main/AndroidManifest.xml:8:17-69
82-->src/main/AndroidManifest.xml:8:25-66
83
84                <category android:name="android.intent.category.LAUNCHER" />
84-->src/main/AndroidManifest.xml:9:17-77
84-->src/main/AndroidManifest.xml:9:27-74
85            </intent-filter>
86        </activity>
87        <activity
87-->src/main/AndroidManifest.xml:12:9-233
88            android:name="com.google.android.gms.ads.AdActivity"
88-->src/main/AndroidManifest.xml:12:129-181
89            android:configChanges="keyboard|keyboardHidden|orientation|screenLayout|uiMode|screenSize|smallestScreenSize"
89-->src/main/AndroidManifest.xml:12:19-128
90            android:theme="@android:style/Theme.Translucent" />
90-->src/main/AndroidManifest.xml:12:182-230
91
92        <meta-data
92-->src/main/AndroidManifest.xml:13:9-134
93            android:name="com.google.android.gms.ads.APPLICATION_ID"
93-->src/main/AndroidManifest.xml:13:20-76
94            android:value="ca-app-pub-7091486462236476~6864040020" />
94-->src/main/AndroidManifest.xml:13:77-131
95
96        <amazon:enable-feature
96-->src/main/AndroidManifest.xml:14:9-159
97            xmlns:amazon="http://schemas.amazon.com/apk/res/android"
97-->src/main/AndroidManifest.xml:14:100-156
98            android:name="com.amazon.device.messaging"
98-->src/main/AndroidManifest.xml:14:32-74
99            android:required="false" />
99-->src/main/AndroidManifest.xml:14:75-99
100
101        <service
101-->src/main/AndroidManifest.xml:15:9-92
102            android:name="com.onesignal.ADMMessageHandler"
102-->src/main/AndroidManifest.xml:15:43-89
103            android:exported="false" />
103-->src/main/AndroidManifest.xml:15:18-42
104
105        <receiver
105-->src/main/AndroidManifest.xml:16:9-22:20
106            android:name="com.onesignal.ADMMessageHandler$Receiver"
106-->src/main/AndroidManifest.xml:16:19-74
107            android:permission="com.amazon.device.messaging.permission.SEND" >
107-->src/main/AndroidManifest.xml:16:75-139
108            <intent-filter>
108-->src/main/AndroidManifest.xml:17:13-21:29
109                <action android:name="com.amazon.device.messaging.intent.REGISTRATION" />
109-->src/main/AndroidManifest.xml:18:17-90
109-->src/main/AndroidManifest.xml:18:25-87
110                <action android:name="com.amazon.device.messaging.intent.RECEIVE" />
110-->src/main/AndroidManifest.xml:19:17-85
110-->src/main/AndroidManifest.xml:19:25-82
111
112                <category android:name="br.com.innovatesof.quizbiblico" />
112-->src/main/AndroidManifest.xml:20:17-75
112-->src/main/AndroidManifest.xml:20:27-72
113            </intent-filter>
114        </receiver>
115
116        <meta-data
116-->[com.onesignal:OneSignal:3.10.5] AndroidManifest.xml:50:9-52:51
117            android:name="onesignal_app_id"
117-->[com.onesignal:OneSignal:3.10.5] AndroidManifest.xml:51:13-44
118            android:value="" /> <!-- Deprecated - Pulled from OneSignal dashboard. -->
118-->[com.onesignal:OneSignal:3.10.5] AndroidManifest.xml:52:13-48
119        <meta-data
119-->[com.onesignal:OneSignal:3.10.5] AndroidManifest.xml:54:9-56:70
120            android:name="onesignal_google_project_number"
120-->[com.onesignal:OneSignal:3.10.5] AndroidManifest.xml:55:13-59
121            android:value="str:REMOTE" />
121-->[com.onesignal:OneSignal:3.10.5] AndroidManifest.xml:56:13-67
122
123        <receiver
123-->[com.onesignal:OneSignal:3.10.5] AndroidManifest.xml:58:9-68:20
124            android:name="com.onesignal.GcmBroadcastReceiver"
124-->[com.onesignal:OneSignal:3.10.5] AndroidManifest.xml:59:13-62
125            android:permission="com.google.android.c2dm.permission.SEND" >
125-->[com.onesignal:OneSignal:3.10.5] AndroidManifest.xml:60:13-73
126
127            <!-- High priority so OneSignal payloads can be filtered from other GCM receivers if filterOtherGCMReceivers is enabled. -->
128            <intent-filter android:priority="999" >
128-->[com.onesignal:OneSignal:3.10.5] AndroidManifest.xml:63:13-67:29
128-->[com.onesignal:OneSignal:3.10.5] AndroidManifest.xml:63:28-50
129                <action android:name="com.google.android.c2dm.intent.RECEIVE" />
129-->[com.onesignal:OneSignal:3.10.5] AndroidManifest.xml:64:17-81
129-->[com.onesignal:OneSignal:3.10.5] AndroidManifest.xml:64:25-78
130
131                <category android:name="br.com.innovatesof.quizbiblico" />
131-->src/main/AndroidManifest.xml:20:17-75
131-->src/main/AndroidManifest.xml:20:27-72
132            </intent-filter>
133        </receiver>
134        <receiver android:name="com.onesignal.NotificationOpenedReceiver" />
134-->[com.onesignal:OneSignal:3.10.5] AndroidManifest.xml:69:9-77
134-->[com.onesignal:OneSignal:3.10.5] AndroidManifest.xml:69:19-74
135
136        <service android:name="com.onesignal.GcmIntentService" />
136-->[com.onesignal:OneSignal:3.10.5] AndroidManifest.xml:71:9-66
136-->[com.onesignal:OneSignal:3.10.5] AndroidManifest.xml:71:18-63
137        <service
137-->[com.onesignal:OneSignal:3.10.5] AndroidManifest.xml:72:9-74:72
138            android:name="com.onesignal.GcmIntentJobService"
138-->[com.onesignal:OneSignal:3.10.5] AndroidManifest.xml:73:13-61
139            android:permission="android.permission.BIND_JOB_SERVICE" />
139-->[com.onesignal:OneSignal:3.10.5] AndroidManifest.xml:74:13-69
140        <service
140-->[com.onesignal:OneSignal:3.10.5] AndroidManifest.xml:75:9-77:72
141            android:name="com.onesignal.RestoreJobService"
141-->[com.onesignal:OneSignal:3.10.5] AndroidManifest.xml:76:13-59
142            android:permission="android.permission.BIND_JOB_SERVICE" />
142-->[com.onesignal:OneSignal:3.10.5] AndroidManifest.xml:77:13-69
143        <service
143-->[com.onesignal:OneSignal:3.10.5] AndroidManifest.xml:78:9-80:72
144            android:name="com.onesignal.RestoreKickoffJobService"
144-->[com.onesignal:OneSignal:3.10.5] AndroidManifest.xml:79:13-66
145            android:permission="android.permission.BIND_JOB_SERVICE" />
145-->[com.onesignal:OneSignal:3.10.5] AndroidManifest.xml:80:13-69
146        <service
146-->[com.onesignal:OneSignal:3.10.5] AndroidManifest.xml:81:9-83:43
147            android:name="com.onesignal.SyncService"
147-->[com.onesignal:OneSignal:3.10.5] AndroidManifest.xml:82:13-53
148            android:stopWithTask="true" />
148-->[com.onesignal:OneSignal:3.10.5] AndroidManifest.xml:83:13-40
149        <service
149-->[com.onesignal:OneSignal:3.10.5] AndroidManifest.xml:84:9-86:72
150            android:name="com.onesignal.SyncJobService"
150-->[com.onesignal:OneSignal:3.10.5] AndroidManifest.xml:85:13-56
151            android:permission="android.permission.BIND_JOB_SERVICE" />
151-->[com.onesignal:OneSignal:3.10.5] AndroidManifest.xml:86:13-69
152
153        <activity
153-->[com.onesignal:OneSignal:3.10.5] AndroidManifest.xml:88:9-90:75
154            android:name="com.onesignal.PermissionsActivity"
154-->[com.onesignal:OneSignal:3.10.5] AndroidManifest.xml:89:13-61
155            android:theme="@android:style/Theme.Translucent.NoTitleBar" />
155-->[com.onesignal:OneSignal:3.10.5] AndroidManifest.xml:90:13-72
156
157        <service android:name="com.onesignal.NotificationRestoreService" />
157-->[com.onesignal:OneSignal:3.10.5] AndroidManifest.xml:92:9-76
157-->[com.onesignal:OneSignal:3.10.5] AndroidManifest.xml:92:18-73
158
159        <receiver android:name="com.onesignal.BootUpReceiver" >
159-->[com.onesignal:OneSignal:3.10.5] AndroidManifest.xml:94:9-99:20
159-->[com.onesignal:OneSignal:3.10.5] AndroidManifest.xml:94:19-62
160            <intent-filter>
160-->[com.onesignal:OneSignal:3.10.5] AndroidManifest.xml:95:13-98:29
161                <action android:name="android.intent.action.BOOT_COMPLETED" />
161-->[com.onesignal:OneSignal:3.10.5] AndroidManifest.xml:96:17-79
161-->[com.onesignal:OneSignal:3.10.5] AndroidManifest.xml:96:25-76
162                <action android:name="android.intent.action.QUICKBOOT_POWERON" />
162-->[com.onesignal:OneSignal:3.10.5] AndroidManifest.xml:97:17-82
162-->[com.onesignal:OneSignal:3.10.5] AndroidManifest.xml:97:25-79
163            </intent-filter>
164        </receiver>
165        <receiver android:name="com.onesignal.UpgradeReceiver" >
165-->[com.onesignal:OneSignal:3.10.5] AndroidManifest.xml:100:9-104:20
165-->[com.onesignal:OneSignal:3.10.5] AndroidManifest.xml:100:19-63
166            <intent-filter>
166-->[com.onesignal:OneSignal:3.10.5] AndroidManifest.xml:101:13-103:29
167                <action android:name="android.intent.action.MY_PACKAGE_REPLACED" />
167-->[com.onesignal:OneSignal:3.10.5] AndroidManifest.xml:102:17-84
167-->[com.onesignal:OneSignal:3.10.5] AndroidManifest.xml:102:25-81
168            </intent-filter>
169        </receiver>
170
171        <activity
171-->[com.google.android.gms:play-services-base:11.0.4] AndroidManifest.xml:19:9-172
172            android:name="com.google.android.gms.common.api.GoogleApiActivity"
172-->[com.google.android.gms:play-services-base:11.0.4] AndroidManifest.xml:19:19-85
173            android:exported="false"
173-->[com.google.android.gms:play-services-base:11.0.4] AndroidManifest.xml:19:146-170
174            android:theme="@android:style/Theme.Translucent.NoTitleBar" />
174-->[com.google.android.gms:play-services-base:11.0.4] AndroidManifest.xml:19:86-145
175        <!--
176 FirebaseMessagingService performs security checks at runtime,
177             no need for explicit permissions despite exported="true"
178        -->
179        <service
179-->[com.google.firebase:firebase-messaging:11.0.4] AndroidManifest.xml:23:9-27:19
180            android:name="com.google.firebase.messaging.FirebaseMessagingService"
180-->[com.google.firebase:firebase-messaging:11.0.4] AndroidManifest.xml:23:18-87
181            android:exported="true" >
181-->[com.google.firebase:firebase-messaging:11.0.4] AndroidManifest.xml:23:88-111
182            <intent-filter android:priority="-500" >
182-->[com.google.firebase:firebase-messaging:11.0.4] AndroidManifest.xml:24:13-26:29
182-->[com.google.firebase:firebase-messaging:11.0.4] AndroidManifest.xml:24:28-51
183                <action android:name="com.google.firebase.MESSAGING_EVENT" />
183-->[com.google.firebase:firebase-messaging:11.0.4] AndroidManifest.xml:25:17-77
183-->[com.google.firebase:firebase-messaging:11.0.4] AndroidManifest.xml:25:25-75
184            </intent-filter>
185        </service>
186
187        <receiver
187-->[com.google.firebase:firebase-iid:11.0.4] AndroidManifest.xml:30:9-35:20
188            android:name="com.google.firebase.iid.FirebaseInstanceIdReceiver"
188-->[com.google.firebase:firebase-iid:11.0.4] AndroidManifest.xml:30:19-84
189            android:exported="true"
189-->[com.google.firebase:firebase-iid:11.0.4] AndroidManifest.xml:30:85-108
190            android:permission="com.google.android.c2dm.permission.SEND" >
190-->[com.google.firebase:firebase-iid:11.0.4] AndroidManifest.xml:30:109-169
191            <intent-filter>
191-->[com.onesignal:OneSignal:3.10.5] AndroidManifest.xml:63:13-67:29
192                <action android:name="com.google.android.c2dm.intent.RECEIVE" />
192-->[com.onesignal:OneSignal:3.10.5] AndroidManifest.xml:64:17-81
192-->[com.onesignal:OneSignal:3.10.5] AndroidManifest.xml:64:25-78
193
194                <category android:name="br.com.innovatesof.quizbiblico" />
194-->src/main/AndroidManifest.xml:20:17-75
194-->src/main/AndroidManifest.xml:20:27-72
195            </intent-filter>
196        </receiver>
197        <!--
198 Internal (not exported) receiver used by the app to start its own exported services
199             without risk of being spoofed.
200        -->
201        <receiver
201-->[com.google.firebase:firebase-iid:11.0.4] AndroidManifest.xml:39:9-119
202            android:name="com.google.firebase.iid.FirebaseInstanceIdInternalReceiver"
202-->[com.google.firebase:firebase-iid:11.0.4] AndroidManifest.xml:39:19-92
203            android:exported="false" />
203-->[com.google.firebase:firebase-iid:11.0.4] AndroidManifest.xml:39:93-117
204        <!--
205 FirebaseInstanceIdService performs security checks at runtime,
206             no need for explicit permissions despite exported="true"
207        -->
208        <service
208-->[com.google.firebase:firebase-iid:11.0.4] AndroidManifest.xml:43:9-47:19
209            android:name="com.google.firebase.iid.FirebaseInstanceIdService"
209-->[com.google.firebase:firebase-iid:11.0.4] AndroidManifest.xml:43:18-82
210            android:exported="true" >
210-->[com.google.firebase:firebase-iid:11.0.4] AndroidManifest.xml:43:83-106
211            <intent-filter android:priority="-500" >
211-->[com.google.firebase:firebase-iid:11.0.4] AndroidManifest.xml:44:13-46:29
211-->[com.google.firebase:firebase-iid:11.0.4] AndroidManifest.xml:44:28-51
212                <action android:name="com.google.firebase.INSTANCE_ID_EVENT" />
212-->[com.google.firebase:firebase-iid:11.0.4] AndroidManifest.xml:45:17-79
212-->[com.google.firebase:firebase-iid:11.0.4] AndroidManifest.xml:45:25-77
213            </intent-filter>
214        </service>
215
216        <provider
216-->[com.google.firebase:firebase-common:11.0.4] AndroidManifest.xml:6:9-194
217            android:name="com.google.firebase.provider.FirebaseInitProvider"
217-->[com.google.firebase:firebase-common:11.0.4] AndroidManifest.xml:6:79-143
218            android:authorities="br.com.innovatesof.quizbiblico.firebaseinitprovider"
218-->[com.google.firebase:firebase-common:11.0.4] AndroidManifest.xml:6:19-78
219            android:exported="false"
219-->[com.google.firebase:firebase-common:11.0.4] AndroidManifest.xml:6:144-168
220            android:initOrder="100" />
220-->[com.google.firebase:firebase-common:11.0.4] AndroidManifest.xml:6:169-192
221
222        <meta-data
222-->[com.google.android.gms:play-services-basement:11.0.4] AndroidManifest.xml:20:9-121
223            android:name="com.google.android.gms.version"
223-->[com.google.android.gms:play-services-basement:11.0.4] AndroidManifest.xml:20:20-65
224            android:value="@integer/google_play_services_version" />
224-->[com.google.android.gms:play-services-basement:11.0.4] AndroidManifest.xml:20:66-119
225    </application>
226
227</manifest>